[2018年04月16日05:52:12::437]  [RMI TCP Connection(5)-127.0.0.1]  [com.cement.ysh.web.SeckillController] 
	[INFO ]:
 	****************11111*****  postConstruct **************************************

[2018年04月16日05:52:12::557]  [RMI TCP Connection(5)-127.0.0.1]  [com.cement.ysh.web.SeckillController] 
	[INFO ]:
 	*********************  afterPropertiesSet **************************************

[2018年04月16日05:52:17::461]  [http-nio-8080-exec-4]  [com.cement.ysh.web.MyInerceptor] 
	[INFO ]:
 	------------ preHandle -----------:public java.lang.String com.cement.ysh.web.SeckillController.list(org.springframework.ui.Model)

[2018年04月16日05:52:17::489]  [http-nio-8080-exec-4]  [com.cement.ysh.web.MyInerceptor] 
	[INFO ]:
 	--------------dsdsdsd-----------:java.lang.Thread.getStackTrace(Thread.java:1559)

[2018年04月16日05:52:17::539]  [http-nio-8080-exec-4]  [com.cement.ysh.web.SeckillController] 
	[INFO ]:
 	*********************  list **************************************

[2018年04月16日05:52:22::835]  [http-nio-8080-exec-4]  [com.cement.ysh.web.MyInerceptor] 
	[INFO ]:
 	------------ postHandle -----------:public java.lang.String com.cement.ysh.web.SeckillController.list(org.springframework.ui.Model)

[2018年04月16日05:52:23::973]  [http-nio-8080-exec-4]  [com.cement.ysh.web.MyInerceptor] 
	[INFO ]:
 	------------ postHandle -----------:public java.lang.String com.cement.ysh.web.SeckillController.list(org.springframework.ui.Model)

